<?xml version="1.0" encoding="UTF-8"?>
<testsuite name="increment" tests="4" skipped="0" failures="0" errors="0" timestamp="2025-12-09T10:53:06.709Z" hostname="PC202411-1" time="0.003">
  <properties/>
  <testcase name="同じ入力に対して常に同じ出力" classname="ch02.PureFunctionsTest$IncrementTest" time="0.001"/>
  <testcase name="負の数をインクリメント" classname="ch02.PureFunctionsTest$IncrementTest" time="0.001"/>
  <testcase name="正の数をインクリメント" classname="ch02.PureFunctionsTest$IncrementTest" time="0.001"/>
  <testcase name="境界値のインクリメント" classname="ch02.PureFunctionsTest$IncrementTest" time="0.0"/>
  <system-out><![CDATA[]]></system-out>
  <system-err><![CDATA[]]></system-err>
</testsuite>
