<?xml version="1.0" encoding="UTF-8"?>
<testsuite name="イミュータブル操作" tests="2" skipped="0" failures="0" errors="0" timestamp="2025-12-09T10:53:06.759Z" hostname="PC202411-1" time="0.002">
  <properties/>
  <testcase name="appendAll で複数のメンバーを追加" classname="ch02.TipCalculatorTest$ImmutableOperationsTest" time="0.001"/>
  <testcase name="メンバー追加は新しいリストを作成" classname="ch02.TipCalculatorTest$ImmutableOperationsTest" time="0.0"/>
  <system-out><![CDATA[]]></system-out>
  <system-err><![CDATA[]]></system-err>
</testsuite>
