<?xml version="1.0" encoding="UTF-8"?>
<testsuite name="不純な関数との比較" tests="2" skipped="0" failures="0" errors="0" timestamp="2025-12-09T10:53:06.681Z" hostname="PC202411-1" time="0.009">
  <properties/>
  <testcase name="randomPart は毎回異なる可能性がある" classname="ch02.PureFunctionsTest$ImpureFunctionComparisonTest" time="0.001"/>
  <testcase name="currentTime は毎回異なる" classname="ch02.PureFunctionsTest$ImpureFunctionComparisonTest" time="0.007"/>
  <system-out><![CDATA[]]></system-out>
  <system-err><![CDATA[]]></system-err>
</testsuite>
