<?xml version="1.0" encoding="UTF-8"?>
<testsuite name="getFirstCharacter" tests="2" skipped="0" failures="0" errors="0" timestamp="2025-12-09T10:53:06.700Z" hostname="PC202411-1" time="0.002">
  <properties/>
  <testcase name="文字列の最初の文字を返す" classname="ch02.PureFunctionsTest$GetFirstCharacterTest" time="0.0"/>
  <testcase name="1文字の文字列" classname="ch02.PureFunctionsTest$GetFirstCharacterTest" time="0.001"/>
  <system-out><![CDATA[]]></system-out>
  <system-err><![CDATA[]]></system-err>
</testsuite>
