<?xml version="1.0" encoding="UTF-8"?>
<testsuite name="applyDiscount" tests="3" skipped="0" failures="0" errors="0" timestamp="2025-12-09T10:53:06.694Z" hostname="PC202411-1" time="0.004">
  <properties/>
  <testcase name="5%の割引を適用" classname="ch02.PureFunctionsTest$ApplyDiscountTest" time="0.002"/>
  <testcase name="0に対する割引" classname="ch02.PureFunctionsTest$ApplyDiscountTest" time="0.0"/>
  <testcase name="小数を含む計算" classname="ch02.PureFunctionsTest$ApplyDiscountTest" time="0.0"/>
  <system-out><![CDATA[]]></system-out>
  <system-err><![CDATA[]]></system-err>
</testsuite>
