<?xml version="1.0" encoding="UTF-8"?>
<testsuite name="純粋関数としての特性" tests="2" skipped="0" failures="0" errors="0" timestamp="2025-12-09T10:53:06.714Z" hostname="PC202411-1" time="0.025">
  <properties/>
  <testcase name="同じ入力に対して常に同じ出力" classname="ch02.ShoppingCartTest$PureFunctionCharacteristicsTest" time="0.018"/>
  <testcase name="関数呼び出しは入力を変更しない" classname="ch02.ShoppingCartTest$PureFunctionCharacteristicsTest" time="0.006"/>
  <system-out><![CDATA[]]></system-out>
  <system-err><![CDATA[]]></system-err>
</testsuite>
