<?xml version="1.0" encoding="UTF-8"?>
<testsuite name="ワードスコア計算" tests="3" skipped="0" failures="0" errors="0" timestamp="2025-12-09T10:53:06.676Z" hostname="PC202411-1" time="0.002">
  <properties/>
  <testcase name="文字列の長さがスコアになる" classname="ch01.IntroJavaTest$WordScoreTest" time="0.0"/>
  <testcase name="空文字列のスコアは0" classname="ch01.IntroJavaTest$WordScoreTest" time="0.001"/>
  <testcase name="命令型と関数型で同じ結果を返す" classname="ch01.IntroJavaTest$WordScoreTest" time="0.001"/>
  <system-out><![CDATA[]]></system-out>
  <system-err><![CDATA[]]></system-err>
</testsuite>
